<?xml version="1.0" encoding="UTF-8"?>
<testsuite xmlns:xsi="http://www.w3.org/2001/XMLSchema-instance" xsi:noNamespaceSchemaLocation="https://maven.apache.org/surefire/maven-surefire-plugin/xsd/surefire-test-report-3.0.xsd" version="3.0" name="ServiceIsItTrueTests" time="2.159" tests="2" errors="0" skipped="0" failures="0">
  <properties>
    <property name="java.specification.version" value="21"/>
    <property name="sun.jnu.encoding" value="UTF-8"/>
    <property name="java.class.path" value="/tmp/codeai-test-13184951515253072264/target/test-classes:/tmp/codeai-test-13184951515253072264/target/classes:/app/tmp/org/mockito/mockito-core/5.6.0/mockito-core-5.6.0.jar:/app/tmp/net/bytebuddy/byte-buddy/1.14.8/byte-buddy-1.14.8.jar:/app/tmp/net/bytebuddy/byte-buddy-agent/1.14.8/byte-buddy-agent-1.14.8.jar:/app/tmp/org/objenesis/objenesis/3.3/objenesis-3.3.jar:/app/tmp/org/assertj/assertj-core/3.24.2/assertj-core-3.24.2.jar:/app/tmp/org/junit/jupiter/junit-jupiter-engine/5.10.0/junit-jupiter-engine-5.10.0.jar:/app/tmp/org/junit/platform/junit-platform-engine/1.10.0/junit-platform-engine-1.10.0.jar:/app/tmp/org/apiguardian/apiguardian-api/1.1.2/apiguardian-api-1.1.2.jar:/app/tmp/org/junit/jupiter/junit-jupiter-api/5.10.0/junit-jupiter-api-5.10.0.jar:/app/tmp/org/opentest4j/opentest4j/1.3.0/opentest4j-1.3.0.jar:/app/tmp/org/junit/platform/junit-platform-commons/1.10.0/junit-platform-commons-1.10.0.jar:/app/tmp/org/mockito/mockito-junit-jupiter/5.6.0/mockito-junit-jupiter-5.6.0.jar:"/>
    <property name="java.vm.vendor" value="Eclipse Adoptium"/>
    <property name="sun.arch.data.model" value="64"/>
    <property name="java.vendor.url" value="https://adoptium.net/"/>
    <property name="user.timezone" value="GMT"/>
    <property name="os.name" value="Linux"/>
    <property name="java.vm.specification.version" value="21"/>
    <property name="sun.java.launcher" value="SUN_STANDARD"/>
    <property name="user.country" value="US"/>
    <property name="sun.boot.library.path" value="/opt/java/openjdk/lib"/>
    <property name="sun.java.command" value="/tmp/codeai-test-13184951515253072264/target/surefire/surefirebooter-20240214140625504_3.jar /tmp/codeai-test-13184951515253072264/target/surefire 2024-02-14T14-06-25_354-jvmRun1 surefire-20240214140625504_1tmp surefire_0-20240214140625504_2tmp"/>
    <property name="jdk.debug" value="release"/>
    <property name="surefire.test.class.path" value="/tmp/codeai-test-13184951515253072264/target/test-classes:/tmp/codeai-test-13184951515253072264/target/classes:/app/tmp/org/mockito/mockito-core/5.6.0/mockito-core-5.6.0.jar:/app/tmp/net/bytebuddy/byte-buddy/1.14.8/byte-buddy-1.14.8.jar:/app/tmp/net/bytebuddy/byte-buddy-agent/1.14.8/byte-buddy-agent-1.14.8.jar:/app/tmp/org/objenesis/objenesis/3.3/objenesis-3.3.jar:/app/tmp/org/assertj/assertj-core/3.24.2/assertj-core-3.24.2.jar:/app/tmp/org/junit/jupiter/junit-jupiter-engine/5.10.0/junit-jupiter-engine-5.10.0.jar:/app/tmp/org/junit/platform/junit-platform-engine/1.10.0/junit-platform-engine-1.10.0.jar:/app/tmp/org/apiguardian/apiguardian-api/1.1.2/apiguardian-api-1.1.2.jar:/app/tmp/org/junit/jupiter/junit-jupiter-api/5.10.0/junit-jupiter-api-5.10.0.jar:/app/tmp/org/opentest4j/opentest4j/1.3.0/opentest4j-1.3.0.jar:/app/tmp/org/junit/platform/junit-platform-commons/1.10.0/junit-platform-commons-1.10.0.jar:/app/tmp/org/mockito/mockito-junit-jupiter/5.6.0/mockito-junit-jupiter-5.6.0.jar:"/>
    <property name="sun.cpu.endian" value="little"/>
    <property name="maven.compiler.source" value="17"/>
    <property name="user.home" value="/root"/>
    <property name="user.language" value="en"/>
    <property name="java.specification.vendor" value="Oracle Corporation"/>
    <property name="java.version.date" value="2024-01-16"/>
    <property name="java.home" value="/opt/java/openjdk"/>
    <property name="file.separator" value="/"/>
    <property name="basedir" value="/tmp/codeai-test-13184951515253072264"/>
    <property name="java.vm.compressedOopsMode" value="32-bit"/>
    <property name="line.separator" value="&#10;"/>
    <property name="java.vm.specification.vendor" value="Oracle Corporation"/>
    <property name="java.specification.name" value="Java Platform API Specification"/>
    <property name="surefire.real.class.path" value="/tmp/codeai-test-13184951515253072264/target/surefire/surefirebooter-20240214140625504_3.jar"/>
    <property name="maven.compiler.release" value="17"/>
    <property name="sun.management.compiler" value="HotSpot 64-Bit Tiered Compilers"/>
    <property name="java.runtime.version" value="21.0.2+13-LTS"/>
    <property name="user.name" value="root"/>
    <property name="stdout.encoding" value="UTF-8"/>
    <property name="path.separator" value=":"/>
    <property name="os.version" value="5.15.133.1-microsoft-standard-WSL2"/>
    <property name="java.runtime.name" value="OpenJDK Runtime Environment"/>
    <property name="file.encoding" value="UTF-8"/>
    <property name="java.vm.name" value="OpenJDK 64-Bit Server VM"/>
    <property name="java.vendor.version" value="Temurin-21.0.2+13"/>
    <property name="localRepository" value="/app/tmp"/>
    <property name="java.vendor.url.bug" value="https://github.com/adoptium/adoptium-support/issues"/>
    <property name="java.io.tmpdir" value="/tmp"/>
    <property name="java.version" value="21.0.2"/>
    <property name="user.dir" value="/tmp/codeai-test-13184951515253072264"/>
    <property name="os.arch" value="amd64"/>
    <property name="java.vm.specification.name" value="Java Virtual Machine Specification"/>
    <property name="native.encoding" value="UTF-8"/>
    <property name="maven.compiler.target" value="17"/>
    <property name="java.library.path" value="/opt/java/openjdk/lib/server:/opt/java/openjdk/lib:/opt/java/openjdk/../lib:/usr/java/packages/lib:/usr/lib64:/lib64:/lib:/usr/lib"/>
    <property name="java.vm.info" value="mixed mode, sharing"/>
    <property name="stderr.encoding" value="UTF-8"/>
    <property name="java.vendor" value="Eclipse Adoptium"/>
    <property name="java.vm.version" value="21.0.2+13-LTS"/>
    <property name="sun.io.unicode.encoding" value="UnicodeLittle"/>
    <property name="maven.repo.local" value="/app/tmp"/>
    <property name="java.class.version" value="65.0"/>
  </properties>
  <testcase name="testCheckPalindromeString_WhenInputIsPalindrome_ThenReturnTrue" classname="ServiceIsItTrueTests" time="2.096">
    <system-err><![CDATA[WARNING: A Java agent has been loaded dynamically (/app/tmp/net/bytebuddy/byte-buddy-agent/1.14.8/byte-buddy-agent-1.14.8.jar)
WARNING: If a serviceability tool is in use, please run with -XX:+EnableDynamicAgentLoading to hide this warning
WARNING: If a serviceability tool is not in use, please run with -Djdk.instrument.traceUsage for more information
WARNING: Dynamic loading of agents will be disallowed by default in a future release
]]></system-err>
  </testcase>
  <testcase name="testCheckPalindromeString_WhenInputIsNotPalindrome_ThenReturnFalse" classname="ServiceIsItTrueTests" time="0.006"/>
</testsuite>